<?xml version="1.0" encoding="UTF-8" standalone="no"?>
<?pydev-testrun version="1.0"?><pydev-testsuite>
    <summary errors="0" failures="1" finished="true" name="Test Run: 45" tests="2" total_time="Finished in: 14.23 secs."/>
    <test location="C:\Users\Aravi\Automation\FinalProject\CapstonePy\test_my_script.py" status="ok" test="test_scenario_1" time="4.27">
        <stdout/>
        <stderr/>
    </test>
    <test location="C:\Users\Aravi\Automation\FinalProject\CapstonePy\test_my_script.py" status="fail" test="test_scenario_2" time="3.79">
        <stdout/>
        <stderr><![CDATA[browser = <selenium.webdriver.chrome.webdriver.WebDriver (session="f1d8c58dfbe747d0d298f744f3daa525")>

    def test_scenario_2(browser):
        url = "https://www.flipkart.com/"
        browser.get(url)
    
    
        wait = WebDriverWait(browser, 10)
    
        # exit_popup_close_button = wait.until(EC.element_to_be_clickable((By.XPATH, "//span[contains(text(),'&#10005;')]")))
        # exit_popup_close_button.click()
        #
        # wait = WebDriverWait(browser, 10)
        # # Click on the Login button
        # login_button = browser.find_element((By.XPATH, "//a[@class='_1krdK5 vbCXhM']"))
        #
        #
        #
        # ActionChains(browser).move_to_element(login_button).click().perform()
    
        # Enter the phone number
        phone_number_input = wait.until(EC.presence_of_element_located((By.XPATH, "//div[@class='_22Dgdy _29BEA8']//input")))
        phone_number_input.send_keys("9952525420")
    
        # Click on the Request OTP button
        request_otp_button = wait.until(EC.element_to_be_clickable((By.XPATH, "//button[@class='_1wGnMD rX1XT4 _2nD2xJ']")))
        request_otp_button.click()
    
        # Verify the OTP message
        otp_message_element = wait.until(EC.visibility_of_element_located((By.XPATH, "//div[contains(text(), 'Please enter the OTP sent to')]")))
>       assert otp_message_element.text == "Please enter the OTP sent to 9876543210"
E       AssertionError: assert 'Please enter the OTP sent to' == 'Please enter...to 9876543210'
E         - Please enter the OTP sent to 9876543210
E         ?                             -----------
E         + Please enter the OTP sent to

test_my_script.py:62: AssertionError]]></stderr>
    </test>
    <launch mode="run">
        <launch_memento><![CDATA[<?xml version="1.0" encoding="UTF-8" standalone="no"?>
<launchConfiguration local="true" path="CapstonePy test_my_script.py"/>
]]></launch_memento>
    </launch>
</pydev-testsuite>
